  main.cpp
C:\Users\valen\Documents\CSC317-ComputerGraphics\computer-graphics-ray-tracing\include\read_json.h(9,14): warning C4099: 'Object': type name first seen using 'class' now seen using 'struct'
C:\Users\valen\Documents\CSC317-ComputerGraphics\computer-graphics-ray-tracing\include\Object.h(9): message : see declaration of 'Object'
C:\Users\valen\Documents\CSC317-ComputerGraphics\computer-graphics-ray-tracing\include\read_json.h(10,13): warning C4099: 'Light': type name first seen using 'class' now seen using 'struct'
C:\Users\valen\Documents\CSC317-ComputerGraphics\computer-graphics-ray-tracing\include\Light.h(4): message : see declaration of 'Light'
C:\Users\valen\Documents\CSC317-ComputerGraphics\computer-graphics-ray-tracing\include\read_json.h(176,38): warning C4244: 'argument': conversion from '_Ty' to 'const unsigned __int64', possible loss of data
          with
          [
              _Ty=double
          ]
C:\Users\valen\Documents\CSC317-ComputerGraphics\computer-graphics-ray-tracing\include\read_json.h(176,53): warning C4244: 'argument': conversion from '_Ty' to 'const unsigned __int64', possible loss of data
          with
          [
              _Ty=double
          ]
C:\Users\valen\Documents\CSC317-ComputerGraphics\computer-graphics-ray-tracing\include\read_json.h(176,68): warning C4244: 'argument': conversion from '_Ty' to 'const unsigned __int64', possible loss of data
          with
          [
              _Ty=double
          ]
C:\Users\valen\Documents\CSC317-ComputerGraphics\computer-graphics-ray-tracing\include\read_json.h(177,38): warning C4244: 'argument': conversion from '_Ty' to 'const unsigned __int64', possible loss of data
          with
          [
              _Ty=double
          ]
C:\Users\valen\Documents\CSC317-ComputerGraphics\computer-graphics-ray-tracing\include\read_json.h(177,53): warning C4244: 'argument': conversion from '_Ty' to 'const unsigned __int64', possible loss of data
          with
          [
              _Ty=double
          ]
C:\Users\valen\Documents\CSC317-ComputerGraphics\computer-graphics-ray-tracing\include\read_json.h(177,68): warning C4244: 'argument': conversion from '_Ty' to 'const unsigned __int64', possible loss of data
          with
          [
              _Ty=double
          ]
C:\Users\valen\Documents\CSC317-ComputerGraphics\computer-graphics-ray-tracing\include\read_json.h(178,38): warning C4244: 'argument': conversion from '_Ty' to 'const unsigned __int64', possible loss of data
          with
          [
              _Ty=double
          ]
C:\Users\valen\Documents\CSC317-ComputerGraphics\computer-graphics-ray-tracing\include\read_json.h(178,53): warning C4244: 'argument': conversion from '_Ty' to 'const unsigned __int64', possible loss of data
          with
          [
              _Ty=double
          ]
C:\Users\valen\Documents\CSC317-ComputerGraphics\computer-graphics-ray-tracing\include\read_json.h(178,68): warning C4244: 'argument': conversion from '_Ty' to 'const unsigned __int64', possible loss of data
          with
          [
              _Ty=double
          ]
C:\Users\valen\Documents\CSC317-ComputerGraphics\computer-graphics-ray-tracing\main.cpp(32,22): warning C4018: '<': signed/unsigned mismatch
C:\Users\valen\Documents\CSC317-ComputerGraphics\computer-graphics-ray-tracing\main.cpp(34,24): warning C4018: '<': signed/unsigned mismatch
C:\Users\valen\Documents\CSC317-ComputerGraphics\computer-graphics-ray-tracing\main.cpp(48,41): warning C4244: '=': conversion from 'double' to '_Ty', possible loss of data
          with
          [
              _Ty=uint8_t
          ]
C:\Users\valen\Documents\CSC317-ComputerGraphics\computer-graphics-ray-tracing\main.cpp(49,41): warning C4244: '=': conversion from 'double' to '_Ty', possible loss of data
          with
          [
              _Ty=uint8_t
          ]
C:\Users\valen\Documents\CSC317-ComputerGraphics\computer-graphics-ray-tracing\main.cpp(50,41): warning C4244: '=': conversion from 'double' to '_Ty', possible loss of data
          with
          [
              _Ty=uint8_t
          ]
C:\Users\valen\Documents\CSC317-ComputerGraphics\computer-graphics-ray-tracing\include\readSTL.h(52,21): warning C4996: 'fopen': This function or variable may be unsafe. Consider using fopen_s instead. To disable deprecation, use _CRT_SECURE_NO_WARNINGS. See online help for details.
C:\Users\valen\Documents\CSC317-ComputerGraphics\computer-graphics-ray-tracing\include\read_json.h(169): message : see reference to function template instantiation 'bool igl::readSTL<double,double,int>(const std::string &,std::vector<std::vector<double,std::allocator<double>>,std::allocator<std::vector<double,std::allocator<double>>>> &,std::vector<std::vector<double,std::allocator<double>>,std::allocator<std::vector<double,std::allocator<double>>>> &,std::vector<std::vector<int,std::allocator<int>>,std::allocator<std::vector<int,std::allocator<int>>>> &)' being compiled
C:\Users\valen\Documents\CSC317-ComputerGraphics\computer-graphics-ray-tracing\include\readSTL.h(162,18): warning C4244: '=': conversion from 'double' to '_Ty', possible loss of data
          with
          [
              _Ty=int
          ]
C:\Users\valen\Documents\CSC317-ComputerGraphics\computer-graphics-ray-tracing\include\readSTL.h(59): message : see reference to function template instantiation 'bool igl::readSTL<double,double,int>(FILE *,std::vector<std::vector<double,std::allocator<double>>,std::allocator<std::vector<double,std::allocator<double>>>> &,std::vector<std::vector<double,std::allocator<double>>,std::allocator<std::vector<double,std::allocator<double>>>> &,std::vector<std::vector<int,std::allocator<int>>,std::allocator<std::vector<int,std::allocator<int>>>> &)' being compiled
C:\Users\valen\Documents\CSC317-ComputerGraphics\computer-graphics-ray-tracing\include\read_json.h(169): message : see reference to function template instantiation 'bool igl::readSTL<double,double,int>(const std::string &,std::vector<std::vector<double,std::allocator<double>>,std::allocator<std::vector<double,std::allocator<double>>>> &,std::vector<std::vector<double,std::allocator<double>>,std::allocator<std::vector<double,std::allocator<double>>>> &,std::vector<std::vector<int,std::allocator<int>>,std::allocator<std::vector<int,std::allocator<int>>>> &)' being compiled
C:\Users\valen\Documents\CSC317-ComputerGraphics\computer-graphics-ray-tracing\include\readSTL.h(162,32): warning C4244: '=': conversion from 'double' to '_Ty', possible loss of data
          with
          [
              _Ty=int
          ]
C:\Users\valen\Documents\CSC317-ComputerGraphics\computer-graphics-ray-tracing\include\readSTL.h(162,46): warning C4244: '=': conversion from 'double' to '_Ty', possible loss of data
          with
          [
              _Ty=int
          ]
C:\Users\valen\Documents\CSC317-ComputerGraphics\computer-graphics-ray-tracing\include\readSTL.h(189,29): warning C4244: 'argument': conversion from 'unsigned __int64' to '_Ty', possible loss of data
          with
          [
              _Ty=double
          ]
C:\Users\valen\Documents\CSC317-ComputerGraphics\computer-graphics-ray-tracing\include\readSTL.h(245,22): warning C4244: '=': conversion from 'float' to '_Ty', possible loss of data
          with
          [
              _Ty=int
          ]
C:\Users\valen\Documents\CSC317-ComputerGraphics\computer-graphics-ray-tracing\include\readSTL.h(91,3): warning C4996: 'sscanf': This function or variable may be unsafe. Consider using sscanf_s instead. To disable deprecation, use _CRT_SECURE_NO_WARNINGS. See online help for details.
C:\Users\valen\Documents\CSC317-ComputerGraphics\computer-graphics-ray-tracing\include\readSTL.h(146,13): warning C4996: 'fscanf': This function or variable may be unsafe. Consider using fscanf_s instead. To disable deprecation, use _CRT_SECURE_NO_WARNINGS. See online help for details.
C:\Users\valen\Documents\CSC317-ComputerGraphics\computer-graphics-ray-tracing\include\readSTL.h(165,13): warning C4996: 'fscanf': This function or variable may be unsafe. Consider using fscanf_s instead. To disable deprecation, use _CRT_SECURE_NO_WARNINGS. See online help for details.
C:\Users\valen\Documents\CSC317-ComputerGraphics\computer-graphics-ray-tracing\include\readSTL.h(175,19): warning C4996: 'fscanf': This function or variable may be unsafe. Consider using fscanf_s instead. To disable deprecation, use _CRT_SECURE_NO_WARNINGS. See online help for details.
C:\Users\valen\Documents\CSC317-ComputerGraphics\computer-graphics-ray-tracing\include\readSTL.h(183,21): warning C4996: 'fscanf': This function or variable may be unsafe. Consider using fscanf_s instead. To disable deprecation, use _CRT_SECURE_NO_WARNINGS. See online help for details.
C:\Users\valen\Documents\CSC317-ComputerGraphics\computer-graphics-ray-tracing\include\readSTL.h(201,13): warning C4996: 'fscanf': This function or variable may be unsafe. Consider using fscanf_s instead. To disable deprecation, use _CRT_SECURE_NO_WARNINGS. See online help for details.
  raytracing.vcxproj -> C:\Users\valen\Documents\CSC317-ComputerGraphics\computer-graphics-ray-tracing\build-release\Debug\raytracing.exe
