Performing C++ SOURCE FILE Test COMPILER_SUPPORTS_CXX11 failed with the following output:
Change Dir: C:/Users/valen/Documents/CSC317-ComputerGraphics/computer-graphics-ray-tracing/build-release/CMakeFiles/CMakeTmp

Run Build Command(s):C:/Program Files/Microsoft Visual Studio/2022/Community/MSBuild/Current/Bin/amd64/MSBuild.exe cmTC_4bd7b.vcxproj /p:Configuration=Debug /p:Platform=x64 /p:VisualStudioVersion=17.0 /v:m && MSBuild version 17.3.1+2badb37d1 for .NET Framework
  Microsoft (R) C/C++ Optimizing Compiler Version 19.33.31630 for x64
  src.cxx
  Copyright (C) Microsoft Corporation.  All rights reserved.
  cl /c /Zi /W3 /WX- /diagnostics:column /Od /Ob0 /D _MBCS /D WIN32 /D _WINDOWS /D COMPILER_SUPPORTS_CXX11 /D "CMAKE_INTDIR=\"Debug\"" /Gm- /EHsc /RTC1 /MDd /GS /fp:precise /Zc:wchar_t /Zc:forScope /Zc:inline /GR /Fo"cmTC_4bd7b.dir\Debug\\" /Fd"cmTC_4bd7b.dir\Debug\vc143.pdb" /external:W3 /Gd /TP /errorReport:queue  -std=c++11 "C:\Users\valen\Documents\CSC317-ComputerGraphics\computer-graphics-ray-tracing\build-release\CMakeFiles\CMakeTmp\src.cxx"
cl : command line  warning D9002: ignoring unknown option '-std=c++11' [C:\Users\valen\Documents\CSC317-ComputerGraphics\computer-graphics-ray-tracing\build-release\CMakeFiles\CMakeTmp\cmTC_4bd7b.vcxproj]
  cmTC_4bd7b.vcxproj -> C:\Users\valen\Documents\CSC317-ComputerGraphics\computer-graphics-ray-tracing\build-release\CMakeFiles\CMakeTmp\Debug\cmTC_4bd7b.exe


Source file was:
int main() { return 0; }
Performing C++ SOURCE FILE Test COMPILER_SUPPORTS_CXX0X failed with the following output:
Change Dir: C:/Users/valen/Documents/CSC317-ComputerGraphics/computer-graphics-ray-tracing/build-release/CMakeFiles/CMakeTmp

Run Build Command(s):C:/Program Files/Microsoft Visual Studio/2022/Community/MSBuild/Current/Bin/amd64/MSBuild.exe cmTC_06d9a.vcxproj /p:Configuration=Debug /p:Platform=x64 /p:VisualStudioVersion=17.0 /v:m && MSBuild version 17.3.1+2badb37d1 for .NET Framework
  Microsoft (R) C/C++ Optimizing Compiler Version 19.33.31630 for x64
  src.cxx
  Copyright (C) Microsoft Corporation.  All rights reserved.
  cl /c /Zi /W3 /WX- /diagnostics:column /Od /Ob0 /D _MBCS /D WIN32 /D _WINDOWS /D COMPILER_SUPPORTS_CXX0X /D "CMAKE_INTDIR=\"Debug\"" /Gm- /EHsc /RTC1 /MDd /GS /fp:precise /Zc:wchar_t /Zc:forScope /Zc:inline /GR /Fo"cmTC_06d9a.dir\Debug\\" /Fd"cmTC_06d9a.dir\Debug\vc143.pdb" /external:W3 /Gd /TP /errorReport:queue  -std=c++0x "C:\Users\valen\Documents\CSC317-ComputerGraphics\computer-graphics-ray-tracing\build-release\CMakeFiles\CMakeTmp\src.cxx"
cl : command line  warning D9002: ignoring unknown option '-std=c++0x' [C:\Users\valen\Documents\CSC317-ComputerGraphics\computer-graphics-ray-tracing\build-release\CMakeFiles\CMakeTmp\cmTC_06d9a.vcxproj]
  cmTC_06d9a.vcxproj -> C:\Users\valen\Documents\CSC317-ComputerGraphics\computer-graphics-ray-tracing\build-release\CMakeFiles\CMakeTmp\Debug\cmTC_06d9a.exe


Source file was:
int main() { return 0; }
